<html>
<head>
<title>TestNG:  LoginInventTest</title>
<link href="../testng.css" rel="stylesheet" type="text/css" />
<link href="../my-testng.css" rel="stylesheet" type="text/css" />

<style type="text/css">
.log { display: none;} 
.stack-trace { display: none;} 
</style>
<script type="text/javascript">
<!--
function flip(e) {
  current = e.style.display;
  if (current == 'block') {
    e.style.display = 'none';
    return 0;
  }
  else {
    e.style.display = 'block';
    return 1;
  }
}

function toggleBox(szDivId, elem, msg1, msg2)
{
  var res = -1;  if (document.getElementById) {
    res = flip(document.getElementById(szDivId));
  }
  else if (document.all) {
    // this is the way old msie versions work
    res = flip(document.all[szDivId]);
  }
  if(elem) {
    if(res == 0) elem.innerHTML = msg1; else elem.innerHTML = msg2;
  }

}

function toggleAllBoxes() {
  if (document.getElementsByTagName) {
    d = document.getElementsByTagName('div');
    for (i = 0; i < d.length; i++) {
      if (d[i].className == 'log') {
        flip(d[i]);
      }
    }
  }
}

// -->
</script>

</head>
<body>
<h2 align='center'>LoginInventTest</h2><table border='1' align="center">
<tr>
<td>Tests passed/Failed/Skipped:</td><td>6/1/0</td>
</tr><tr>
<td>Started on:</td><td>Thu Oct 26 08:12:15 IST 2023</td>
</tr>
<tr><td>Total time:</td><td>68 seconds (68023 ms)</td>
</tr><tr>
<td>Included groups:</td><td></td>
</tr><tr>
<td>Excluded groups:</td><td></td>
</tr>
</table><p/>
<small><i>(Hover the method name to see the test class name)</i></small><p/>
<table width='100%' border='1' class='invocation-failed'>
<tr><td colspan='4' align='center'><b>FAILED TESTS</b></td></tr>
<tr><td><b>Test method</b></td>
<td><b>Attribute(s)</b></td>
<td width="30%"><b>Exception</b></td>
<td width="10%"><b>Time (seconds)</b></td>
<td><b>Instance</b></td>
</tr>
<tr>
<td title='testCases.LoginPageTest.verifyURLOfApplicationTest()'><b>verifyURLOfApplicationTest</b><br>Test class: testCases.LoginPageTest</td>
<td><div><pre>java.lang.AssertionError: expected [https://www.saucedemo.com/] but found [Swag Labs]
	at testCases.LoginPageTest.verifyURLOfApplicationTest(LoginPageTest.java:40)
	at java.base/java.util.ArrayList.forEach(ArrayList.java:1511)
... Removed 33 stack frames</pre></div><a href='#' onClick='toggleBox("stack-trace1914435501", this, "Click to show all stack frames", "Click to hide stack frames")'>Click to show all stack frames</a>
<div class='stack-trace' id='stack-trace1914435501'><pre>java.lang.AssertionError: expected [https://www.saucedemo.com/] but found [Swag Labs]
	at org.testng.Assert.fail(Assert.java:110)
	at org.testng.Assert.failNotEquals(Assert.java:1577)
	at org.testng.Assert.assertEqualsImpl(Assert.java:149)
	at org.testng.Assert.assertEquals(Assert.java:131)
	at org.testng.Assert.assertEquals(Assert.java:655)
	at org.testng.Assert.assertEquals(Assert.java:665)
	at testCases.LoginPageTest.verifyURLOfApplicationTest(LoginPageTest.java:40)
	at java.base/jdk.internal.reflect.NativeMethodAccessorImpl.invoke0(Native Method)
	at java.base/jdk.internal.reflect.NativeMethodAccessorImpl.invoke(NativeMethodAccessorImpl.java:77)
	at java.base/jdk.internal.reflect.DelegatingMethodAccessorImpl.invoke(DelegatingMethodAccessorImpl.java:43)
	at java.base/java.lang.reflect.Method.invoke(Method.java:568)
	at org.testng.internal.invokers.MethodInvocationHelper.invokeMethod(MethodInvocationHelper.java:139)
	at org.testng.internal.invokers.TestInvoker.invokeMethod(TestInvoker.java:677)
	at org.testng.internal.invokers.TestInvoker.invokeTestMethod(TestInvoker.java:221)
	at org.testng.internal.invokers.MethodRunner.runInSequence(MethodRunner.java:50)
	at org.testng.internal.invokers.TestInvoker$MethodInvocationAgent.invoke(TestInvoker.java:969)
	at org.testng.internal.invokers.TestInvoker.invokeTestMethods(TestInvoker.java:194)
	at org.testng.internal.invokers.TestMethodWorker.invokeTestMethods(TestMethodWorker.java:148)
	at org.testng.internal.invokers.TestMethodWorker.run(TestMethodWorker.java:128)
	at java.base/java.util.ArrayList.forEach(ArrayList.java:1511)
	at org.testng.TestRunner.privateRun(TestRunner.java:829)
	at org.testng.TestRunner.run(TestRunner.java:602)
	at org.testng.SuiteRunner.runTest(SuiteRunner.java:437)
	at org.testng.SuiteRunner.runSequentially(SuiteRunner.java:431)
	at org.testng.SuiteRunner.privateRun(SuiteRunner.java:391)
	at org.testng.SuiteRunner.run(SuiteRunner.java:330)
	at org.testng.SuiteRunnerWorker.runSuite(SuiteRunnerWorker.java:52)
	at org.testng.SuiteRunnerWorker.run(SuiteRunnerWorker.java:95)
	at org.testng.TestNG.runSuitesSequentially(TestNG.java:1256)
	at org.testng.TestNG.runSuitesLocally(TestNG.java:1176)
	at org.testng.TestNG.runSuites(TestNG.java:1099)
	at org.testng.TestNG.run(TestNG.java:1067)
	at org.testng.remote.AbstractRemoteTestNG.run(AbstractRemoteTestNG.java:115)
	at org.testng.remote.RemoteTestNG.initAndRun(RemoteTestNG.java:251)
	at org.testng.remote.RemoteTestNG.main(RemoteTestNG.java:77)
</pre></div></td>
<td>0</td>
<td>testCases.LoginPageTest@7fc4780b</td></tr>
</table><p>
<table width='100%' border='1' class='invocation-passed'>
<tr><td colspan='4' align='center'><b>PASSED TESTS</b></td></tr>
<tr><td><b>Test method</b></td>
<td><b>Attribute(s)</b></td>
<td width="30%"><b>Exception</b></td>
<td width="10%"><b>Time (seconds)</b></td>
<td><b>Instance</b></td>
</tr>
<tr>
<td title='testCases.Inventory_Page_Test.remove2ProductTest()'><b>remove2ProductTest</b><br>Test class: testCases.Inventory_Page_Test<br/>
<a href="#Output-1074128005" onClick='toggleBox("Output-1074128005", this, "Show output", "Hide output");'>Show output</a>

<a href="#Output-1074128005" onClick="toggleAllBoxes();">Show all outputs</a>
<div class='log' id="Output-1074128005">
Count of product after removing = 4<br/>
</div>
</td>
<td></td>
<td>1</td>
<td>testCases.Inventory_Page_Test@518caac3</td></tr>
<tr>
<td title='testCases.LoginPageTest.verifyTitleOfApplication()'><b>verifyTitleOfApplication</b><br>Test class: testCases.LoginPageTest</td>
<td></td>
<td>0</td>
<td>testCases.LoginPageTest@7fc4780b</td></tr>
<tr>
<td title='testCases.Inventory_Page_Test.verifyProductLabelTest()'><b>verifyProductLabelTest</b><br>Test class: testCases.Inventory_Page_Test<br/>
<a href="#Output-2133629275" onClick='toggleBox("Output-2133629275", this, "Show output", "Hide output");'>Show output</a>

<a href="#Output-2133629275" onClick="toggleAllBoxes();">Show all outputs</a>
<div class='log' id="Output-2133629275">
applications Lable = Products<br/>
</div>
</td>
<td></td>
<td>0</td>
<td>testCases.Inventory_Page_Test@518caac3</td></tr>
<tr>
<td title='testCases.Inventory_Page_Test.add6ProductsTest()'><b>add6ProductsTest</b><br>Test class: testCases.Inventory_Page_Test<br/>
<a href="#Output-1435836365" onClick='toggleBox("Output-1435836365", this, "Show output", "Hide output");'>Show output</a>

<a href="#Output-1435836365" onClick="toggleAllBoxes();">Show all outputs</a>
<div class='log' id="Output-1435836365">
Total products added in to the cart: 6<br/>
</div>
</td>
<td></td>
<td>1</td>
<td>testCases.Inventory_Page_Test@518caac3</td></tr>
<tr>
<td title='testCases.LoginPageTest.LoginToApplicationTest()'><b>LoginToApplicationTest</b><br>Test class: testCases.LoginPageTest</td>
<td></td>
<td>3</td>
<td>testCases.LoginPageTest@7fc4780b</td></tr>
<tr>
<td title='testCases.Inventory_Page_Test.verifyTwitterLogoTest()'><b>verifyTwitterLogoTest</b><br>Test class: testCases.Inventory_Page_Test<br/>
<a href="#Output-798678484" onClick='toggleBox("Output-798678484", this, "Show output", "Hide output");'>Show output</a>

<a href="#Output-798678484" onClick="toggleAllBoxes();">Show all outputs</a>
<div class='log' id="Output-798678484">
Visibility of Twitter Logo =true<br/>
</div>
</td>
<td></td>
<td>0</td>
<td>testCases.Inventory_Page_Test@518caac3</td></tr>
</table><p>
</body>
</html>