<?xml version="1.0" encoding="UTF-8"?>
<!-- Generated by org.testng.reporters.JUnitXMLReporter -->
<testsuite ignored="0" hostname="DESKTOP-JET7EDG" failures="1" tests="7" name="LoginInventTest" time="68.023" errors="0" timestamp="2023-10-26T08:13:23 IST">
  <testcase classname="testCases.LoginPageTest" name="LoginToApplicationTest" time="3.303"/>
  <testcase classname="testCases.LoginPageTest" name="verifyTitleOfApplication" time="0.167"/>
  <testcase classname="testCases.LoginPageTest" name="verifyURLOfApplicationTest" time="0.074">
    <failure type="java.lang.AssertionError" message="expected [https://www.saucedemo.com/] but found [Swag Labs]">
      <![CDATA[java.lang.AssertionError: expected [https://www.saucedemo.com/] but found [Swag Labs]
at testCases.LoginPageTest.verifyURLOfApplicationTest(LoginPageTest.java:40)
at java.base/java.util.ArrayList.forEach(ArrayList.java:1511)
... Removed 33 stack frames]]>
    </failure>
  </testcase> <!-- verifyURLOfApplicationTest -->
  <testcase classname="testCases.Inventory_Page_Test" name="add6ProductsTest" time="1.342"/>
  <testcase classname="testCases.Inventory_Page_Test" name="remove2ProductTest" time="1.817"/>
  <testcase classname="testCases.Inventory_Page_Test" name="verifyProductLabelTest" time="0.153"/>
  <testcase classname="testCases.Inventory_Page_Test" name="verifyTwitterLogoTest" time="0.121"/>
</testsuite> <!-- LoginInventTest -->
